<?xml version="1.0" encoding="UTF-8"?>
<!-- Generated by org.testng.reporters.JUnitReportReporter -->
<testsuite hostname="LAPTOP-M1MI0GI9" failures="0" tests="1" name="com.ui.tests.LoginTest" time="2.724" errors="0" timestamp="2024-06-12T20:40:37 IST" skipped="0">
  <testcase classname="com.ui.tests.LoginTest" name="loginTest" time="2.724"/>
</testsuite> <!-- com.ui.tests.LoginTest -->
